2025-03-19T12:37:42.767+09:00  INFO 1128 --- [ch07] [restartedMain] kr.co.ch07.Ch07Application               : Starting Ch07Application using Java 17.0.12 with PID 1128 (C:\Users\lotte6\Desktop\workspace\Spring\ch07\build\classes\java\main started by lotte6 in C:\Users\lotte6\Desktop\workspace\Spring\ch07)
2025-03-19T12:37:42.771+09:00  INFO 1128 --- [ch07] [restartedMain] kr.co.ch07.Ch07Application               : No active profile set, falling back to 1 default profile: "default"
2025-03-19T12:37:42.806+09:00  INFO 1128 --- [ch07] [restartedMain] .e.DevToolsPropertyDefaultsPostProcessor : Devtools property defaults active! Set 'spring.devtools.add-properties' to 'false' to disable
2025-03-19T12:37:42.806+09:00  INFO 1128 --- [ch07] [restartedMain] .e.DevToolsPropertyDefaultsPostProcessor : For additional web related logging consider setting the 'logging.level.web' property to 'DEBUG'
2025-03-19T12:37:43.324+09:00  INFO 1128 --- [ch07] [restartedMain] .s.d.r.c.RepositoryConfigurationDelegate : Bootstrapping Spring Data JPA repositories in DEFAULT mode.
2025-03-19T12:37:43.395+09:00  INFO 1128 --- [ch07] [restartedMain] .s.d.r.c.RepositoryConfigurationDelegate : Finished Spring Data repository scanning in 63 ms. Found 10 JPA repository interfaces.
2025-03-19T12:37:43.828+09:00  INFO 1128 --- [ch07] [restartedMain] o.s.b.w.embedded.tomcat.TomcatWebServer  : Tomcat initialized with port 8080 (http)
2025-03-19T12:37:43.843+09:00  INFO 1128 --- [ch07] [restartedMain] o.apache.catalina.core.StandardService   : Starting service [Tomcat]
2025-03-19T12:37:43.843+09:00  INFO 1128 --- [ch07] [restartedMain] o.apache.catalina.core.StandardEngine    : Starting Servlet engine: [Apache Tomcat/10.1.36]
2025-03-19T12:37:43.880+09:00  INFO 1128 --- [ch07] [restartedMain] o.a.c.c.C.[Tomcat].[localhost].[/ch07]   : Initializing Spring embedded WebApplicationContext
2025-03-19T12:37:43.881+09:00  INFO 1128 --- [ch07] [restartedMain] w.s.c.ServletWebServerApplicationContext : Root WebApplicationContext: initialization completed in 1075 ms
2025-03-19T12:37:44.002+09:00  INFO 1128 --- [ch07] [restartedMain] o.hibernate.jpa.internal.util.LogHelper  : HHH000204: Processing PersistenceUnitInfo [name: default]
2025-03-19T12:37:44.042+09:00  INFO 1128 --- [ch07] [restartedMain] org.hibernate.Version                    : HHH000412: Hibernate ORM core version 6.6.8.Final
2025-03-19T12:37:44.070+09:00  INFO 1128 --- [ch07] [restartedMain] o.h.c.internal.RegionFactoryInitiator    : HHH000026: Second-level cache disabled
2025-03-19T12:37:44.310+09:00  INFO 1128 --- [ch07] [restartedMain] o.s.o.j.p.SpringPersistenceUnitInfo      : No LoadTimeWeaver setup: ignoring JPA class transformer
2025-03-19T12:37:44.335+09:00  INFO 1128 --- [ch07] [restartedMain] com.zaxxer.hikari.HikariDataSource       : HikariPool-1 - Starting...
2025-03-19T12:37:44.546+09:00  INFO 1128 --- [ch07] [restartedMain] com.zaxxer.hikari.pool.HikariPool        : HikariPool-1 - Added connection com.mysql.cj.jdbc.ConnectionImpl@65c88f0a
2025-03-19T12:37:44.548+09:00  INFO 1128 --- [ch07] [restartedMain] com.zaxxer.hikari.HikariDataSource       : HikariPool-1 - Start completed.
2025-03-19T12:37:44.586+09:00  WARN 1128 --- [ch07] [restartedMain] org.hibernate.orm.deprecation            : HHH90000025: MySQLDialect does not need to be specified explicitly using 'hibernate.dialect' (remove the property setting and it will be selected by default)
2025-03-19T12:37:44.601+09:00  INFO 1128 --- [ch07] [restartedMain] org.hibernate.orm.connections.pooling    : HHH10001005: Database info:
	Database JDBC URL [Connecting through datasource 'HikariDataSource (HikariPool-1)']
	Database driver: undefined/unknown
	Database version: 8.4.4
	Autocommit mode: undefined/unknown
	Isolation level: undefined/unknown
	Minimum pool size: undefined/unknown
	Maximum pool size: undefined/unknown
2025-03-19T12:37:45.408+09:00  INFO 1128 --- [ch07] [restartedMain] o.h.e.t.j.p.i.JtaPlatformInitiator       : HHH000489: No JTA platform available (set 'hibernate.transaction.jta.platform' to enable JTA platform integration)
2025-03-19T12:37:45.498+09:00  INFO 1128 --- [ch07] [restartedMain] j.LocalContainerEntityManagerFactoryBean : Initialized JPA EntityManagerFactory for persistence unit 'default'
2025-03-19T12:37:45.734+09:00  INFO 1128 --- [ch07] [restartedMain] o.s.d.j.r.query.QueryEnhancerFactory     : Hibernate is in classpath; If applicable, HQL parser will be used.
2025-03-19T12:37:46.298+09:00  WARN 1128 --- [ch07] [restartedMain] JpaBaseConfiguration$JpaWebConfiguration : spring.jpa.open-in-view is enabled by default. Therefore, database queries may be performed during view rendering. Explicitly configure spring.jpa.open-in-view to disable this warning
2025-03-19T12:37:46.315+09:00  INFO 1128 --- [ch07] [restartedMain] o.s.b.a.w.s.WelcomePageHandlerMapping    : Adding welcome page template: index
2025-03-19T12:37:46.621+09:00  INFO 1128 --- [ch07] [restartedMain] o.s.b.d.a.OptionalLiveReloadServer       : LiveReload server is running on port 35729
2025-03-19T12:37:46.652+09:00  INFO 1128 --- [ch07] [restartedMain] o.s.b.w.embedded.tomcat.TomcatWebServer  : Tomcat started on port 8080 (http) with context path '/ch07'
2025-03-19T12:37:46.659+09:00  INFO 1128 --- [ch07] [restartedMain] kr.co.ch07.Ch07Application               : Started Ch07Application in 4.263 seconds (process running for 4.733)
2025-03-19T13:50:24.570+09:00  INFO 1128 --- [ch07] [http-nio-8080-exec-1] o.a.c.c.C.[Tomcat].[localhost].[/ch07]   : Initializing Spring DispatcherServlet 'dispatcherServlet'
2025-03-19T13:50:24.570+09:00  INFO 1128 --- [ch07] [http-nio-8080-exec-1] o.s.web.servlet.DispatcherServlet        : Initializing Servlet 'dispatcherServlet'
2025-03-19T13:50:24.571+09:00  INFO 1128 --- [ch07] [http-nio-8080-exec-1] o.s.web.servlet.DispatcherServlet        : Completed initialization in 1 ms
2025-03-19T13:50:26.279+09:00  INFO 1128 --- [ch07] [http-nio-8080-exec-2] kr.co.ch07.service.User2Service          : user2Entities : [User2(uid=a101, name=일공오, birth=2025-03-21, addr=부산), User2(uid=A105, name=안녕, birth=2025-02-26, addr=부산)]
2025-03-19T13:50:33.769+09:00 TRACE 1128 --- [ch07] [http-nio-8080-exec-4] org.hibernate.orm.jdbc.bind              : binding parameter (1:VARCHAR) <- [a101]
2025-03-19T13:50:33.786+09:00 TRACE 1128 --- [ch07] [http-nio-8080-exec-4] org.hibernate.orm.jdbc.bind              : binding parameter (1:VARCHAR) <- [부산]
2025-03-19T13:50:33.786+09:00 TRACE 1128 --- [ch07] [http-nio-8080-exec-4] org.hibernate.orm.jdbc.bind              : binding parameter (2:VARCHAR) <- [2025-03-05]
2025-03-19T13:50:33.786+09:00 TRACE 1128 --- [ch07] [http-nio-8080-exec-4] org.hibernate.orm.jdbc.bind              : binding parameter (3:VARCHAR) <- [일공오]
2025-03-19T13:50:33.787+09:00 TRACE 1128 --- [ch07] [http-nio-8080-exec-4] org.hibernate.orm.jdbc.bind              : binding parameter (4:VARCHAR) <- [a101]
2025-03-19T13:50:33.800+09:00  INFO 1128 --- [ch07] [http-nio-8080-exec-8] kr.co.ch07.service.User2Service          : user2Entities : [User2(uid=a101, name=일공오, birth=2025-03-05, addr=부산), User2(uid=A105, name=안녕, birth=2025-02-26, addr=부산)]
2025-03-19T13:55:15.334+09:00  INFO 1128 --- [ch07] [File Watcher] rtingClassPathChangeChangedEventListener : Restarting due to 1 class path change (0 additions, 1 deletion, 0 modifications)
2025-03-19T13:55:15.337+09:00  INFO 1128 --- [ch07] [Thread-5] o.s.b.w.e.tomcat.GracefulShutdown        : Commencing graceful shutdown. Waiting for active requests to complete
2025-03-19T13:55:15.417+09:00  INFO 1128 --- [ch07] [tomcat-shutdown] o.s.b.w.e.tomcat.GracefulShutdown        : Graceful shutdown complete
2025-03-19T13:55:15.419+09:00  INFO 1128 --- [ch07] [Thread-5] j.LocalContainerEntityManagerFactoryBean : Closing JPA EntityManagerFactory for persistence unit 'default'
2025-03-19T13:55:15.421+09:00  INFO 1128 --- [ch07] [Thread-5] com.zaxxer.hikari.HikariDataSource       : HikariPool-1 - Shutdown initiated...
2025-03-19T13:55:15.424+09:00  INFO 1128 --- [ch07] [Thread-5] com.zaxxer.hikari.HikariDataSource       : HikariPool-1 - Shutdown completed.
2025-03-19T13:55:15.546+09:00  INFO 1128 --- [ch07] [restartedMain] kr.co.ch07.Ch07Application               : Starting Ch07Application using Java 17.0.12 with PID 1128 (C:\Users\lotte6\Desktop\workspace\Spring\ch07\build\classes\java\main started by lotte6 in C:\Users\lotte6\Desktop\workspace\Spring\ch07)
2025-03-19T13:55:15.546+09:00  INFO 1128 --- [ch07] [restartedMain] kr.co.ch07.Ch07Application               : No active profile set, falling back to 1 default profile: "default"
2025-03-19T13:55:15.764+09:00  INFO 1128 --- [ch07] [restartedMain] .s.d.r.c.RepositoryConfigurationDelegate : Bootstrapping Spring Data JPA repositories in DEFAULT mode.
2025-03-19T13:55:15.799+09:00  INFO 1128 --- [ch07] [restartedMain] .s.d.r.c.RepositoryConfigurationDelegate : Finished Spring Data repository scanning in 34 ms. Found 10 JPA repository interfaces.
2025-03-19T13:55:15.893+09:00  INFO 1128 --- [ch07] [restartedMain] o.s.b.w.embedded.tomcat.TomcatWebServer  : Tomcat initialized with port 8080 (http)
2025-03-19T13:55:15.895+09:00  INFO 1128 --- [ch07] [restartedMain] o.apache.catalina.core.StandardService   : Starting service [Tomcat]
2025-03-19T13:55:15.895+09:00  INFO 1128 --- [ch07] [restartedMain] o.apache.catalina.core.StandardEngine    : Starting Servlet engine: [Apache Tomcat/10.1.36]
2025-03-19T13:55:15.911+09:00  INFO 1128 --- [ch07] [restartedMain] o.a.c.c.C.[Tomcat].[localhost].[/ch07]   : Initializing Spring embedded WebApplicationContext
2025-03-19T13:55:15.911+09:00  INFO 1128 --- [ch07] [restartedMain] w.s.c.ServletWebServerApplicationContext : Root WebApplicationContext: initialization completed in 360 ms
2025-03-19T13:55:15.939+09:00  INFO 1128 --- [ch07] [restartedMain] o.hibernate.jpa.internal.util.LogHelper  : HHH000204: Processing PersistenceUnitInfo [name: default]
2025-03-19T13:55:15.943+09:00  INFO 1128 --- [ch07] [restartedMain] o.h.c.internal.RegionFactoryInitiator    : HHH000026: Second-level cache disabled
2025-03-19T13:55:15.953+09:00  INFO 1128 --- [ch07] [restartedMain] o.s.o.j.p.SpringPersistenceUnitInfo      : No LoadTimeWeaver setup: ignoring JPA class transformer
2025-03-19T13:55:15.955+09:00  INFO 1128 --- [ch07] [restartedMain] com.zaxxer.hikari.HikariDataSource       : HikariPool-2 - Starting...
2025-03-19T13:55:15.966+09:00  INFO 1128 --- [ch07] [restartedMain] com.zaxxer.hikari.pool.HikariPool        : HikariPool-2 - Added connection com.mysql.cj.jdbc.ConnectionImpl@69888ea8
2025-03-19T13:55:15.967+09:00  INFO 1128 --- [ch07] [restartedMain] com.zaxxer.hikari.HikariDataSource       : HikariPool-2 - Start completed.
2025-03-19T13:55:15.968+09:00  WARN 1128 --- [ch07] [restartedMain] org.hibernate.orm.deprecation            : HHH90000025: MySQLDialect does not need to be specified explicitly using 'hibernate.dialect' (remove the property setting and it will be selected by default)
2025-03-19T13:55:15.968+09:00  INFO 1128 --- [ch07] [restartedMain] org.hibernate.orm.connections.pooling    : HHH10001005: Database info:
	Database JDBC URL [Connecting through datasource 'HikariDataSource (HikariPool-2)']
	Database driver: undefined/unknown
	Database version: 8.4.4
	Autocommit mode: undefined/unknown
	Isolation level: undefined/unknown
	Minimum pool size: undefined/unknown
	Maximum pool size: undefined/unknown
2025-03-19T13:55:16.093+09:00  INFO 1128 --- [ch07] [restartedMain] o.h.e.t.j.p.i.JtaPlatformInitiator       : HHH000489: No JTA platform available (set 'hibernate.transaction.jta.platform' to enable JTA platform integration)
2025-03-19T13:55:16.121+09:00  INFO 1128 --- [ch07] [restartedMain] j.LocalContainerEntityManagerFactoryBean : Initialized JPA EntityManagerFactory for persistence unit 'default'
2025-03-19T13:55:16.198+09:00  WARN 1128 --- [ch07] [restartedMain] JpaBaseConfiguration$JpaWebConfiguration : spring.jpa.open-in-view is enabled by default. Therefore, database queries may be performed during view rendering. Explicitly configure spring.jpa.open-in-view to disable this warning
2025-03-19T13:55:16.206+09:00  INFO 1128 --- [ch07] [restartedMain] o.s.b.a.w.s.WelcomePageHandlerMapping    : Adding welcome page template: index
2025-03-19T13:55:16.352+09:00  INFO 1128 --- [ch07] [restartedMain] o.s.b.d.a.OptionalLiveReloadServer       : LiveReload server is running on port 35729
2025-03-19T13:55:16.362+09:00  INFO 1128 --- [ch07] [restartedMain] o.s.b.w.embedded.tomcat.TomcatWebServer  : Tomcat started on port 8080 (http) with context path '/ch07'
2025-03-19T13:55:16.366+09:00  INFO 1128 --- [ch07] [restartedMain] kr.co.ch07.Ch07Application               : Started Ch07Application in 0.87 seconds (process running for 4654.441)
2025-03-19T13:55:16.368+09:00  INFO 1128 --- [ch07] [restartedMain] .ConditionEvaluationDeltaLoggingListener : Condition evaluation unchanged
2025-03-19T13:55:16.556+09:00  INFO 1128 --- [ch07] [http-nio-8080-exec-1] o.a.c.c.C.[Tomcat].[localhost].[/ch07]   : Initializing Spring DispatcherServlet 'dispatcherServlet'
2025-03-19T13:55:16.557+09:00  INFO 1128 --- [ch07] [http-nio-8080-exec-1] o.s.web.servlet.DispatcherServlet        : Initializing Servlet 'dispatcherServlet'
2025-03-19T13:55:16.558+09:00  INFO 1128 --- [ch07] [http-nio-8080-exec-1] o.s.web.servlet.DispatcherServlet        : Completed initialization in 1 ms
2025-03-19T13:55:17.807+09:00  INFO 1128 --- [ch07] [File Watcher] rtingClassPathChangeChangedEventListener : Restarting due to 1 class path change (1 addition, 0 deletions, 0 modifications)
2025-03-19T13:55:17.810+09:00  INFO 1128 --- [ch07] [Thread-7] o.s.b.w.e.tomcat.GracefulShutdown        : Commencing graceful shutdown. Waiting for active requests to complete
2025-03-19T13:55:17.877+09:00  INFO 1128 --- [ch07] [tomcat-shutdown] o.s.b.w.e.tomcat.GracefulShutdown        : Graceful shutdown complete
2025-03-19T13:55:17.882+09:00  INFO 1128 --- [ch07] [Thread-7] j.LocalContainerEntityManagerFactoryBean : Closing JPA EntityManagerFactory for persistence unit 'default'
2025-03-19T13:55:17.884+09:00  INFO 1128 --- [ch07] [Thread-7] com.zaxxer.hikari.HikariDataSource       : HikariPool-2 - Shutdown initiated...
2025-03-19T13:55:17.889+09:00  INFO 1128 --- [ch07] [Thread-7] com.zaxxer.hikari.HikariDataSource       : HikariPool-2 - Shutdown completed.
2025-03-19T13:55:17.967+09:00  INFO 1128 --- [ch07] [restartedMain] kr.co.ch07.Ch07Application               : Starting Ch07Application using Java 17.0.12 with PID 1128 (C:\Users\lotte6\Desktop\workspace\Spring\ch07\build\classes\java\main started by lotte6 in C:\Users\lotte6\Desktop\workspace\Spring\ch07)
2025-03-19T13:55:17.967+09:00  INFO 1128 --- [ch07] [restartedMain] kr.co.ch07.Ch07Application               : No active profile set, falling back to 1 default profile: "default"
2025-03-19T13:55:18.121+09:00  INFO 1128 --- [ch07] [restartedMain] .s.d.r.c.RepositoryConfigurationDelegate : Bootstrapping Spring Data JPA repositories in DEFAULT mode.
2025-03-19T13:55:18.149+09:00  INFO 1128 --- [ch07] [restartedMain] .s.d.r.c.RepositoryConfigurationDelegate : Finished Spring Data repository scanning in 28 ms. Found 10 JPA repository interfaces.
2025-03-19T13:55:18.214+09:00  INFO 1128 --- [ch07] [restartedMain] o.s.b.w.embedded.tomcat.TomcatWebServer  : Tomcat initialized with port 8080 (http)
2025-03-19T13:55:18.215+09:00  INFO 1128 --- [ch07] [restartedMain] o.apache.catalina.core.StandardService   : Starting service [Tomcat]
2025-03-19T13:55:18.215+09:00  INFO 1128 --- [ch07] [restartedMain] o.apache.catalina.core.StandardEngine    : Starting Servlet engine: [Apache Tomcat/10.1.36]
2025-03-19T13:55:18.229+09:00  INFO 1128 --- [ch07] [restartedMain] o.a.c.c.C.[Tomcat].[localhost].[/ch07]   : Initializing Spring embedded WebApplicationContext
2025-03-19T13:55:18.229+09:00  INFO 1128 --- [ch07] [restartedMain] w.s.c.ServletWebServerApplicationContext : Root WebApplicationContext: initialization completed in 260 ms
2025-03-19T13:55:18.253+09:00  INFO 1128 --- [ch07] [restartedMain] o.hibernate.jpa.internal.util.LogHelper  : HHH000204: Processing PersistenceUnitInfo [name: default]
2025-03-19T13:55:18.256+09:00  INFO 1128 --- [ch07] [restartedMain] o.h.c.internal.RegionFactoryInitiator    : HHH000026: Second-level cache disabled
2025-03-19T13:55:18.264+09:00  INFO 1128 --- [ch07] [restartedMain] o.s.o.j.p.SpringPersistenceUnitInfo      : No LoadTimeWeaver setup: ignoring JPA class transformer
2025-03-19T13:55:18.265+09:00  INFO 1128 --- [ch07] [restartedMain] com.zaxxer.hikari.HikariDataSource       : HikariPool-3 - Starting...
2025-03-19T13:55:18.273+09:00  INFO 1128 --- [ch07] [restartedMain] com.zaxxer.hikari.pool.HikariPool        : HikariPool-3 - Added connection com.mysql.cj.jdbc.ConnectionImpl@3b8fea75
2025-03-19T13:55:18.273+09:00  INFO 1128 --- [ch07] [restartedMain] com.zaxxer.hikari.HikariDataSource       : HikariPool-3 - Start completed.
2025-03-19T13:55:18.274+09:00  WARN 1128 --- [ch07] [restartedMain] org.hibernate.orm.deprecation            : HHH90000025: MySQLDialect does not need to be specified explicitly using 'hibernate.dialect' (remove the property setting and it will be selected by default)
2025-03-19T13:55:18.274+09:00  INFO 1128 --- [ch07] [restartedMain] org.hibernate.orm.connections.pooling    : HHH10001005: Database info:
	Database JDBC URL [Connecting through datasource 'HikariDataSource (HikariPool-3)']
	Database driver: undefined/unknown
	Database version: 8.4.4
	Autocommit mode: undefined/unknown
	Isolation level: undefined/unknown
	Minimum pool size: undefined/unknown
	Maximum pool size: undefined/unknown
2025-03-19T13:55:18.388+09:00  INFO 1128 --- [ch07] [restartedMain] o.h.e.t.j.p.i.JtaPlatformInitiator       : HHH000489: No JTA platform available (set 'hibernate.transaction.jta.platform' to enable JTA platform integration)
2025-03-19T13:55:18.417+09:00  INFO 1128 --- [ch07] [restartedMain] j.LocalContainerEntityManagerFactoryBean : Initialized JPA EntityManagerFactory for persistence unit 'default'
2025-03-19T13:55:18.480+09:00  WARN 1128 --- [ch07] [restartedMain] JpaBaseConfiguration$JpaWebConfiguration : spring.jpa.open-in-view is enabled by default. Therefore, database queries may be performed during view rendering. Explicitly configure spring.jpa.open-in-view to disable this warning
2025-03-19T13:55:18.486+09:00  INFO 1128 --- [ch07] [restartedMain] o.s.b.a.w.s.WelcomePageHandlerMapping    : Adding welcome page template: index
2025-03-19T13:55:18.583+09:00  INFO 1128 --- [ch07] [restartedMain] o.s.b.d.a.OptionalLiveReloadServer       : LiveReload server is running on port 35729
2025-03-19T13:55:18.591+09:00  INFO 1128 --- [ch07] [restartedMain] o.s.b.w.embedded.tomcat.TomcatWebServer  : Tomcat started on port 8080 (http) with context path '/ch07'
2025-03-19T13:55:18.598+09:00  INFO 1128 --- [ch07] [restartedMain] kr.co.ch07.Ch07Application               : Started Ch07Application in 0.652 seconds (process running for 4656.673)
2025-03-19T13:55:18.599+09:00  INFO 1128 --- [ch07] [restartedMain] .ConditionEvaluationDeltaLoggingListener : Condition evaluation unchanged
2025-03-19T13:55:18.664+09:00  INFO 1128 --- [ch07] [http-nio-8080-exec-1] o.a.c.c.C.[Tomcat].[localhost].[/ch07]   : Initializing Spring DispatcherServlet 'dispatcherServlet'
2025-03-19T13:55:18.664+09:00  INFO 1128 --- [ch07] [http-nio-8080-exec-1] o.s.web.servlet.DispatcherServlet        : Initializing Servlet 'dispatcherServlet'
2025-03-19T13:55:18.664+09:00  INFO 1128 --- [ch07] [http-nio-8080-exec-1] o.s.web.servlet.DispatcherServlet        : Completed initialization in 0 ms
2025-03-19T13:55:18.671+09:00  INFO 1128 --- [ch07] [http-nio-8080-exec-1] kr.co.ch07.service.User2Service          : user2Entities : [User2(uid=a101, name=일공오, birth=2025-03-05, addr=부산), User2(uid=A105, name=안녕, birth=2025-02-26, addr=부산)]
2025-03-19T13:56:17.534+09:00  INFO 1128 --- [ch07] [File Watcher] rtingClassPathChangeChangedEventListener : Restarting due to 1 class path change (0 additions, 1 deletion, 0 modifications)
2025-03-19T13:56:17.535+09:00  INFO 1128 --- [ch07] [Thread-11] o.s.b.w.e.tomcat.GracefulShutdown        : Commencing graceful shutdown. Waiting for active requests to complete
2025-03-19T13:56:17.629+09:00  INFO 1128 --- [ch07] [tomcat-shutdown] o.s.b.w.e.tomcat.GracefulShutdown        : Graceful shutdown complete
2025-03-19T13:56:17.645+09:00  INFO 1128 --- [ch07] [Thread-11] j.LocalContainerEntityManagerFactoryBean : Closing JPA EntityManagerFactory for persistence unit 'default'
2025-03-19T13:56:17.646+09:00  INFO 1128 --- [ch07] [Thread-11] com.zaxxer.hikari.HikariDataSource       : HikariPool-3 - Shutdown initiated...
2025-03-19T13:56:17.648+09:00  INFO 1128 --- [ch07] [Thread-11] com.zaxxer.hikari.HikariDataSource       : HikariPool-3 - Shutdown completed.
2025-03-19T13:56:17.709+09:00  INFO 1128 --- [ch07] [restartedMain] kr.co.ch07.Ch07Application               : Starting Ch07Application using Java 17.0.12 with PID 1128 (C:\Users\lotte6\Desktop\workspace\Spring\ch07\build\classes\java\main started by lotte6 in C:\Users\lotte6\Desktop\workspace\Spring\ch07)
2025-03-19T13:56:17.709+09:00  INFO 1128 --- [ch07] [restartedMain] kr.co.ch07.Ch07Application               : No active profile set, falling back to 1 default profile: "default"
2025-03-19T13:56:17.861+09:00  INFO 1128 --- [ch07] [restartedMain] .s.d.r.c.RepositoryConfigurationDelegate : Bootstrapping Spring Data JPA repositories in DEFAULT mode.
2025-03-19T13:56:17.903+09:00  INFO 1128 --- [ch07] [restartedMain] .s.d.r.c.RepositoryConfigurationDelegate : Finished Spring Data repository scanning in 39 ms. Found 10 JPA repository interfaces.
2025-03-19T13:56:17.976+09:00  INFO 1128 --- [ch07] [restartedMain] o.s.b.w.embedded.tomcat.TomcatWebServer  : Tomcat initialized with port 8080 (http)
2025-03-19T13:56:17.976+09:00  INFO 1128 --- [ch07] [restartedMain] o.apache.catalina.core.StandardService   : Starting service [Tomcat]
2025-03-19T13:56:17.976+09:00  INFO 1128 --- [ch07] [restartedMain] o.apache.catalina.core.StandardEngine    : Starting Servlet engine: [Apache Tomcat/10.1.36]
2025-03-19T13:56:17.992+09:00  INFO 1128 --- [ch07] [restartedMain] o.a.c.c.C.[Tomcat].[localhost].[/ch07]   : Initializing Spring embedded WebApplicationContext
2025-03-19T13:56:17.992+09:00  INFO 1128 --- [ch07] [restartedMain] w.s.c.ServletWebServerApplicationContext : Root WebApplicationContext: initialization completed in 282 ms
2025-03-19T13:56:18.019+09:00  INFO 1128 --- [ch07] [restartedMain] o.hibernate.jpa.internal.util.LogHelper  : HHH000204: Processing PersistenceUnitInfo [name: default]
2025-03-19T13:56:18.022+09:00  INFO 1128 --- [ch07] [restartedMain] o.h.c.internal.RegionFactoryInitiator    : HHH000026: Second-level cache disabled
2025-03-19T13:56:18.031+09:00  INFO 1128 --- [ch07] [restartedMain] o.s.o.j.p.SpringPersistenceUnitInfo      : No LoadTimeWeaver setup: ignoring JPA class transformer
2025-03-19T13:56:18.032+09:00  INFO 1128 --- [ch07] [restartedMain] com.zaxxer.hikari.HikariDataSource       : HikariPool-4 - Starting...
2025-03-19T13:56:18.041+09:00  INFO 1128 --- [ch07] [restartedMain] com.zaxxer.hikari.pool.HikariPool        : HikariPool-4 - Added connection com.mysql.cj.jdbc.ConnectionImpl@55a98552
2025-03-19T13:56:18.041+09:00  INFO 1128 --- [ch07] [restartedMain] com.zaxxer.hikari.HikariDataSource       : HikariPool-4 - Start completed.
2025-03-19T13:56:18.041+09:00  WARN 1128 --- [ch07] [restartedMain] org.hibernate.orm.deprecation            : HHH90000025: MySQLDialect does not need to be specified explicitly using 'hibernate.dialect' (remove the property setting and it will be selected by default)
2025-03-19T13:56:18.042+09:00  INFO 1128 --- [ch07] [restartedMain] org.hibernate.orm.connections.pooling    : HHH10001005: Database info:
	Database JDBC URL [Connecting through datasource 'HikariDataSource (HikariPool-4)']
	Database driver: undefined/unknown
	Database version: 8.4.4
	Autocommit mode: undefined/unknown
	Isolation level: undefined/unknown
	Minimum pool size: undefined/unknown
	Maximum pool size: undefined/unknown
2025-03-19T13:56:18.142+09:00  INFO 1128 --- [ch07] [restartedMain] o.h.e.t.j.p.i.JtaPlatformInitiator       : HHH000489: No JTA platform available (set 'hibernate.transaction.jta.platform' to enable JTA platform integration)
2025-03-19T13:56:18.175+09:00  INFO 1128 --- [ch07] [restartedMain] j.LocalContainerEntityManagerFactoryBean : Initialized JPA EntityManagerFactory for persistence unit 'default'
2025-03-19T13:56:18.240+09:00  WARN 1128 --- [ch07] [restartedMain] JpaBaseConfiguration$JpaWebConfiguration : spring.jpa.open-in-view is enabled by default. Therefore, database queries may be performed during view rendering. Explicitly configure spring.jpa.open-in-view to disable this warning
2025-03-19T13:56:18.246+09:00  INFO 1128 --- [ch07] [restartedMain] o.s.b.a.w.s.WelcomePageHandlerMapping    : Adding welcome page template: index
2025-03-19T13:56:18.396+09:00  INFO 1128 --- [ch07] [restartedMain] o.s.b.d.a.OptionalLiveReloadServer       : LiveReload server is running on port 35729
2025-03-19T13:56:18.405+09:00  INFO 1128 --- [ch07] [restartedMain] o.s.b.w.embedded.tomcat.TomcatWebServer  : Tomcat started on port 8080 (http) with context path '/ch07'
2025-03-19T13:56:18.409+09:00  INFO 1128 --- [ch07] [restartedMain] kr.co.ch07.Ch07Application               : Started Ch07Application in 0.722 seconds (process running for 4716.483)
2025-03-19T13:56:18.410+09:00  INFO 1128 --- [ch07] [restartedMain] .ConditionEvaluationDeltaLoggingListener : Condition evaluation unchanged
2025-03-19T13:56:18.547+09:00  INFO 1128 --- [ch07] [http-nio-8080-exec-1] o.a.c.c.C.[Tomcat].[localhost].[/ch07]   : Initializing Spring DispatcherServlet 'dispatcherServlet'
2025-03-19T13:56:18.547+09:00  INFO 1128 --- [ch07] [http-nio-8080-exec-1] o.s.web.servlet.DispatcherServlet        : Initializing Servlet 'dispatcherServlet'
2025-03-19T13:56:18.548+09:00  INFO 1128 --- [ch07] [http-nio-8080-exec-1] o.s.web.servlet.DispatcherServlet        : Completed initialization in 1 ms
2025-03-19T13:56:19.780+09:00  INFO 1128 --- [ch07] [http-nio-8080-exec-2] kr.co.ch07.service.User2Service          : user2Entities : [User2(uid=a101, name=일공오, birth=2025-03-05, addr=부산), User2(uid=A105, name=안녕, birth=2025-02-26, addr=부산)]
2025-03-19T13:56:19.838+09:00  INFO 1128 --- [ch07] [File Watcher] rtingClassPathChangeChangedEventListener : Restarting due to 1 class path change (1 addition, 0 deletions, 0 modifications)
2025-03-19T13:56:19.839+09:00  INFO 1128 --- [ch07] [Thread-15] o.s.b.w.e.tomcat.GracefulShutdown        : Commencing graceful shutdown. Waiting for active requests to complete
2025-03-19T13:56:19.901+09:00  INFO 1128 --- [ch07] [tomcat-shutdown] o.s.b.w.e.tomcat.GracefulShutdown        : Graceful shutdown complete
2025-03-19T13:56:19.906+09:00  INFO 1128 --- [ch07] [Thread-15] j.LocalContainerEntityManagerFactoryBean : Closing JPA EntityManagerFactory for persistence unit 'default'
2025-03-19T13:56:19.907+09:00  INFO 1128 --- [ch07] [Thread-15] com.zaxxer.hikari.HikariDataSource       : HikariPool-4 - Shutdown initiated...
2025-03-19T13:56:19.909+09:00  INFO 1128 --- [ch07] [Thread-15] com.zaxxer.hikari.HikariDataSource       : HikariPool-4 - Shutdown completed.
2025-03-19T13:56:19.971+09:00  INFO 1128 --- [ch07] [restartedMain] kr.co.ch07.Ch07Application               : Starting Ch07Application using Java 17.0.12 with PID 1128 (C:\Users\lotte6\Desktop\workspace\Spring\ch07\build\classes\java\main started by lotte6 in C:\Users\lotte6\Desktop\workspace\Spring\ch07)
2025-03-19T13:56:19.972+09:00  INFO 1128 --- [ch07] [restartedMain] kr.co.ch07.Ch07Application               : No active profile set, falling back to 1 default profile: "default"
2025-03-19T13:56:20.113+09:00  INFO 1128 --- [ch07] [restartedMain] .s.d.r.c.RepositoryConfigurationDelegate : Bootstrapping Spring Data JPA repositories in DEFAULT mode.
2025-03-19T13:56:20.138+09:00  INFO 1128 --- [ch07] [restartedMain] .s.d.r.c.RepositoryConfigurationDelegate : Finished Spring Data repository scanning in 23 ms. Found 10 JPA repository interfaces.
2025-03-19T13:56:20.204+09:00  INFO 1128 --- [ch07] [restartedMain] o.s.b.w.embedded.tomcat.TomcatWebServer  : Tomcat initialized with port 8080 (http)
2025-03-19T13:56:20.205+09:00  INFO 1128 --- [ch07] [restartedMain] o.apache.catalina.core.StandardService   : Starting service [Tomcat]
2025-03-19T13:56:20.205+09:00  INFO 1128 --- [ch07] [restartedMain] o.apache.catalina.core.StandardEngine    : Starting Servlet engine: [Apache Tomcat/10.1.36]
2025-03-19T13:56:20.219+09:00  INFO 1128 --- [ch07] [restartedMain] o.a.c.c.C.[Tomcat].[localhost].[/ch07]   : Initializing Spring embedded WebApplicationContext
2025-03-19T13:56:20.219+09:00  INFO 1128 --- [ch07] [restartedMain] w.s.c.ServletWebServerApplicationContext : Root WebApplicationContext: initialization completed in 246 ms
2025-03-19T13:56:20.241+09:00  INFO 1128 --- [ch07] [restartedMain] o.hibernate.jpa.internal.util.LogHelper  : HHH000204: Processing PersistenceUnitInfo [name: default]
2025-03-19T13:56:20.244+09:00  INFO 1128 --- [ch07] [restartedMain] o.h.c.internal.RegionFactoryInitiator    : HHH000026: Second-level cache disabled
2025-03-19T13:56:20.251+09:00  INFO 1128 --- [ch07] [restartedMain] o.s.o.j.p.SpringPersistenceUnitInfo      : No LoadTimeWeaver setup: ignoring JPA class transformer
2025-03-19T13:56:20.252+09:00  INFO 1128 --- [ch07] [restartedMain] com.zaxxer.hikari.HikariDataSource       : HikariPool-5 - Starting...
2025-03-19T13:56:20.260+09:00  INFO 1128 --- [ch07] [restartedMain] com.zaxxer.hikari.pool.HikariPool        : HikariPool-5 - Added connection com.mysql.cj.jdbc.ConnectionImpl@770ade19
2025-03-19T13:56:20.261+09:00  INFO 1128 --- [ch07] [restartedMain] com.zaxxer.hikari.HikariDataSource       : HikariPool-5 - Start completed.
2025-03-19T13:56:20.261+09:00  WARN 1128 --- [ch07] [restartedMain] org.hibernate.orm.deprecation            : HHH90000025: MySQLDialect does not need to be specified explicitly using 'hibernate.dialect' (remove the property setting and it will be selected by default)
2025-03-19T13:56:20.262+09:00  INFO 1128 --- [ch07] [restartedMain] org.hibernate.orm.connections.pooling    : HHH10001005: Database info:
	Database JDBC URL [Connecting through datasource 'HikariDataSource (HikariPool-5)']
	Database driver: undefined/unknown
	Database version: 8.4.4
	Autocommit mode: undefined/unknown
	Isolation level: undefined/unknown
	Minimum pool size: undefined/unknown
	Maximum pool size: undefined/unknown
2025-03-19T13:56:20.353+09:00  INFO 1128 --- [ch07] [restartedMain] o.h.e.t.j.p.i.JtaPlatformInitiator       : HHH000489: No JTA platform available (set 'hibernate.transaction.jta.platform' to enable JTA platform integration)
2025-03-19T13:56:20.389+09:00  INFO 1128 --- [ch07] [restartedMain] j.LocalContainerEntityManagerFactoryBean : Initialized JPA EntityManagerFactory for persistence unit 'default'
2025-03-19T13:56:20.455+09:00  WARN 1128 --- [ch07] [restartedMain] JpaBaseConfiguration$JpaWebConfiguration : spring.jpa.open-in-view is enabled by default. Therefore, database queries may be performed during view rendering. Explicitly configure spring.jpa.open-in-view to disable this warning
2025-03-19T13:56:20.461+09:00  INFO 1128 --- [ch07] [restartedMain] o.s.b.a.w.s.WelcomePageHandlerMapping    : Adding welcome page template: index
2025-03-19T13:56:20.572+09:00  INFO 1128 --- [ch07] [restartedMain] o.s.b.d.a.OptionalLiveReloadServer       : LiveReload server is running on port 35729
2025-03-19T13:56:20.582+09:00  INFO 1128 --- [ch07] [restartedMain] o.s.b.w.embedded.tomcat.TomcatWebServer  : Tomcat started on port 8080 (http) with context path '/ch07'
2025-03-19T13:56:20.586+09:00  INFO 1128 --- [ch07] [restartedMain] kr.co.ch07.Ch07Application               : Started Ch07Application in 0.634 seconds (process running for 4718.66)
2025-03-19T13:56:20.587+09:00  INFO 1128 --- [ch07] [restartedMain] .ConditionEvaluationDeltaLoggingListener : Condition evaluation unchanged
2025-03-19T13:56:39.272+09:00  INFO 1128 --- [ch07] [SpringApplicationShutdownHook] o.s.b.w.e.tomcat.GracefulShutdown        : Commencing graceful shutdown. Waiting for active requests to complete
2025-03-19T13:56:39.333+09:00  INFO 1128 --- [ch07] [tomcat-shutdown] o.s.b.w.e.tomcat.GracefulShutdown        : Graceful shutdown complete
2025-03-19T13:56:39.335+09:00  INFO 1128 --- [ch07] [SpringApplicationShutdownHook] j.LocalContainerEntityManagerFactoryBean : Closing JPA EntityManagerFactory for persistence unit 'default'
2025-03-19T13:56:39.336+09:00  INFO 1128 --- [ch07] [SpringApplicationShutdownHook] com.zaxxer.hikari.HikariDataSource       : HikariPool-5 - Shutdown initiated...
2025-03-19T13:56:39.338+09:00  INFO 1128 --- [ch07] [SpringApplicationShutdownHook] com.zaxxer.hikari.HikariDataSource       : HikariPool-5 - Shutdown completed.
